/*C1*/SET SCHEMA SYSTEM_LOBS
INSERT INTO BLOCKS VALUES(0,2147483647,0)
COMMIT
/*C2*/SET SCHEMA PUBLIC
CREATE TABLE IF NOT EXISTS Mz_SCHEMA (\u000a    \u000a    id VARCHAR(1024) ,\u000a    \u000a    data BLOB,\u000a    PRIMARY KEY(id)\u000a)
CREATE TABLE IF NOT EXISTS MzSoftwareSecureArea (\u000a    \u000a    id VARCHAR(1024) ,\u000a    \u000a    data BLOB,\u000a    PRIMARY KEY(id)\u000a)
/*C1*/INSERT INTO LOB_IDS VALUES(1,78,0,30)
ALTER SEQUENCE SYSTEM_LOBS.LOB_ID RESTART WITH 2
COMMIT
DELETE FROM BLOCKS WHERE BLOCK_ADDR=0
INSERT INTO BLOCKS VALUES(0,1,0)
INSERT INTO BLOCKS VALUES(1,2147483646,0)
DELETE FROM BLOCKS WHERE BLOCK_ADDR=0
INSERT INTO LOBS VALUES(0,1,0,1)
COMMIT
/*C2*/INSERT INTO MZ_SCHEMA VALUES('SoftwareSecureArea',1)
SET SCHEMA SYSTEM_LOBS
DELETE FROM LOB_IDS WHERE LOB_ID=1
INSERT INTO LOB_IDS VALUES(1,78,1,30)
COMMIT
SET SCHEMA PUBLIC
CREATE TABLE IF NOT EXISTS MzServerKey (\u000a    \u000a    id VARCHAR(1024) ,\u000a    \u000a    data BLOB,\u000a    PRIMARY KEY(id)\u000a)
/*C1*/INSERT INTO LOB_IDS VALUES(2,69,0,30)
ALTER SEQUENCE SYSTEM_LOBS.LOB_ID RESTART WITH 3
COMMIT
DELETE FROM BLOCKS WHERE BLOCK_ADDR=1
INSERT INTO BLOCKS VALUES(1,1,0)
INSERT INTO BLOCKS VALUES(2,2147483645,0)
DELETE FROM BLOCKS WHERE BLOCK_ADDR=1
INSERT INTO LOBS VALUES(1,1,0,2)
COMMIT
/*C2*/INSERT INTO MZ_SCHEMA VALUES('ServerKey',2)
SET SCHEMA SYSTEM_LOBS
DELETE FROM LOB_IDS WHERE LOB_ID=2
INSERT INTO LOB_IDS VALUES(2,69,1,30)
COMMIT
/*C1*/INSERT INTO LOB_IDS VALUES(3,16,0,30)
ALTER SEQUENCE SYSTEM_LOBS.LOB_ID RESTART WITH 4
COMMIT
DELETE FROM BLOCKS WHERE BLOCK_ADDR=2
INSERT INTO BLOCKS VALUES(2,1,0)
INSERT INTO BLOCKS VALUES(3,2147483644,0)
DELETE FROM BLOCKS WHERE BLOCK_ADDR=2
INSERT INTO LOBS VALUES(2,1,0,3)
COMMIT
/*C2*/SET SCHEMA PUBLIC
INSERT INTO MZSERVERKEY VALUES('rpc',3)
SET SCHEMA SYSTEM_LOBS
DELETE FROM LOB_IDS WHERE LOB_ID=3
INSERT INTO LOB_IDS VALUES(3,16,1,30)
COMMIT
SET SCHEMA PUBLIC
CREATE TABLE IF NOT EXISTS MzCredentialVerifierSessions (\u000a    \u000a    id VARCHAR(1024) ,\u000a    expiration BIGINT NOT NULL,\u000a    data BLOB,\u000a    PRIMARY KEY(id)\u000a)
/*C1*/INSERT INTO LOB_IDS VALUES(4,87,0,30)
ALTER SEQUENCE SYSTEM_LOBS.LOB_ID RESTART WITH 5
COMMIT
DELETE FROM BLOCKS WHERE BLOCK_ADDR=3
INSERT INTO BLOCKS VALUES(3,1,0)
INSERT INTO BLOCKS VALUES(4,2147483643,0)
DELETE FROM BLOCKS WHERE BLOCK_ADDR=3
INSERT INTO LOBS VALUES(3,1,0,4)
COMMIT
/*C2*/INSERT INTO MZ_SCHEMA VALUES('CredentialVerifierSessions',4)
SET SCHEMA SYSTEM_LOBS
DELETE FROM LOB_IDS WHERE LOB_ID=4
INSERT INTO LOB_IDS VALUES(4,87,1,30)
COMMIT
/*C1*/INSERT INTO LOB_IDS VALUES(5,1,0,30)
ALTER SEQUENCE SYSTEM_LOBS.LOB_ID RESTART WITH 6
COMMIT
DELETE FROM BLOCKS WHERE BLOCK_ADDR=4
INSERT INTO BLOCKS VALUES(4,1,0)
INSERT INTO BLOCKS VALUES(5,2147483642,0)
DELETE FROM BLOCKS WHERE BLOCK_ADDR=4
INSERT INTO LOBS VALUES(4,1,0,5)
COMMIT
/*C2*/SET SCHEMA PUBLIC
INSERT INTO MZCREDENTIALVERIFIERSESSIONS VALUES('aAnUWxMO2Ex0XOmo',1781001365,5)
SET SCHEMA SYSTEM_LOBS
DELETE FROM LOB_IDS WHERE LOB_ID=5
INSERT INTO LOB_IDS VALUES(5,1,1,30)
COMMIT
SET SCHEMA PUBLIC
CREATE TABLE IF NOT EXISTS MzEnrollments (\u000a    \u000a    id VARCHAR(1024) ,\u000a    expiration BIGINT NOT NULL,\u000a    data BLOB,\u000a    PRIMARY KEY(id)\u000a)
/*C1*/INSERT INTO LOB_IDS VALUES(6,71,0,30)
ALTER SEQUENCE SYSTEM_LOBS.LOB_ID RESTART WITH 7
COMMIT
DELETE FROM BLOCKS WHERE BLOCK_ADDR=5
INSERT INTO BLOCKS VALUES(5,1,0)
INSERT INTO BLOCKS VALUES(6,2147483641,0)
DELETE FROM BLOCKS WHERE BLOCK_ADDR=5
INSERT INTO LOBS VALUES(5,1,0,6)
COMMIT
/*C2*/INSERT INTO MZ_SCHEMA VALUES('Enrollments',6)
SET SCHEMA SYSTEM_LOBS
DELETE FROM LOB_IDS WHERE LOB_ID=6
INSERT INTO LOB_IDS VALUES(6,71,1,30)
COMMIT
/*C1*/INSERT INTO LOB_IDS VALUES(7,253,0,30)
ALTER SEQUENCE SYSTEM_LOBS.LOB_ID RESTART WITH 8
COMMIT
DELETE FROM BLOCKS WHERE BLOCK_ADDR=6
INSERT INTO BLOCKS VALUES(6,1,0)
INSERT INTO BLOCKS VALUES(7,2147483640,0)
DELETE FROM BLOCKS WHERE BLOCK_ADDR=6
INSERT INTO LOBS VALUES(6,1,0,7)
COMMIT
/*C2*/SET SCHEMA PUBLIC
INSERT INTO MZSOFTWARESECUREAREA VALUES('8CZhxAgBqmvW1QrE',7)
SET SCHEMA SYSTEM_LOBS
DELETE FROM LOB_IDS WHERE LOB_ID=7
INSERT INTO LOB_IDS VALUES(7,253,1,30)
COMMIT
SET SCHEMA PUBLIC
CREATE TABLE IF NOT EXISTS MzRootSigningKeyData (\u000a    \u000a    id VARCHAR(1024) ,\u000a    \u000a    data BLOB,\u000a    PRIMARY KEY(id)\u000a)
/*C1*/INSERT INTO LOB_IDS VALUES(8,78,0,30)
ALTER SEQUENCE SYSTEM_LOBS.LOB_ID RESTART WITH 9
COMMIT
DELETE FROM BLOCKS WHERE BLOCK_ADDR=7
INSERT INTO BLOCKS VALUES(7,1,0)
INSERT INTO BLOCKS VALUES(8,2147483639,0)
DELETE FROM BLOCKS WHERE BLOCK_ADDR=7
INSERT INTO LOBS VALUES(7,1,0,8)
COMMIT
/*C2*/INSERT INTO MZ_SCHEMA VALUES('RootSigningKeyData',8)
SET SCHEMA SYSTEM_LOBS
DELETE FROM LOB_IDS WHERE LOB_ID=8
INSERT INTO LOB_IDS VALUES(8,78,1,30)
COMMIT
/*C1*/INSERT INTO LOB_IDS VALUES(9,333,0,30)
ALTER SEQUENCE SYSTEM_LOBS.LOB_ID RESTART WITH 10
COMMIT
DELETE FROM BLOCKS WHERE BLOCK_ADDR=8
INSERT INTO BLOCKS VALUES(8,1,0)
INSERT INTO BLOCKS VALUES(9,2147483638,0)
DELETE FROM BLOCKS WHERE BLOCK_ADDR=8
INSERT INTO LOBS VALUES(8,1,0,9)
COMMIT
/*C2*/SET SCHEMA PUBLIC
INSERT INTO MZSOFTWARESECUREAREA VALUES('9CJus_-qDajMaW1Z',9)
SET SCHEMA SYSTEM_LOBS
DELETE FROM LOB_IDS WHERE LOB_ID=9
INSERT INTO LOB_IDS VALUES(9,333,1,30)
COMMIT
/*C1*/INSERT INTO LOB_IDS VALUES(10,671,0,30)
ALTER SEQUENCE SYSTEM_LOBS.LOB_ID RESTART WITH 11
COMMIT
DELETE FROM BLOCKS WHERE BLOCK_ADDR=9
INSERT INTO BLOCKS VALUES(9,1,0)
INSERT INTO BLOCKS VALUES(10,2147483637,0)
DELETE FROM BLOCKS WHERE BLOCK_ADDR=9
INSERT INTO LOBS VALUES(9,1,0,10)
COMMIT
/*C2*/SET SCHEMA PUBLIC
INSERT INTO MZROOTSIGNINGKEYDATA VALUES('VERIFIER',10)
SET SCHEMA SYSTEM_LOBS
DELETE FROM LOB_IDS WHERE LOB_ID=10
INSERT INTO LOB_IDS VALUES(10,671,1,30)
COMMIT
SET SCHEMA PUBLIC
CREATE TABLE IF NOT EXISTS MzIssuedCertificates (\u000a    partitionId VARCHAR(1024) ,\u000a    id VARCHAR(1024) ,\u000a    expiration BIGINT NOT NULL,\u000a    data BLOB,\u000a    PRIMARY KEY(partitionId, id)\u000a)
/*C1*/INSERT INTO LOB_IDS VALUES(11,78,0,30)
ALTER SEQUENCE SYSTEM_LOBS.LOB_ID RESTART WITH 12
COMMIT
DELETE FROM BLOCKS WHERE BLOCK_ADDR=10
INSERT INTO BLOCKS VALUES(10,1,0)
INSERT INTO BLOCKS VALUES(11,2147483636,0)
DELETE FROM BLOCKS WHERE BLOCK_ADDR=10
INSERT INTO LOBS VALUES(10,1,0,11)
COMMIT
/*C2*/INSERT INTO MZ_SCHEMA VALUES('IssuedCertificates',11)
SET SCHEMA SYSTEM_LOBS
DELETE FROM LOB_IDS WHERE LOB_ID=11
INSERT INTO LOB_IDS VALUES(11,78,1,30)
COMMIT
/*C1*/INSERT INTO LOB_IDS VALUES(12,165,0,30)
ALTER SEQUENCE SYSTEM_LOBS.LOB_ID RESTART WITH 13
COMMIT
DELETE FROM BLOCKS WHERE BLOCK_ADDR=11
INSERT INTO BLOCKS VALUES(11,1,0)
INSERT INTO BLOCKS VALUES(12,2147483635,0)
DELETE FROM BLOCKS WHERE BLOCK_ADDR=11
INSERT INTO LOBS VALUES(11,1,0,12)
COMMIT
/*C2*/SET SCHEMA PUBLIC
INSERT INTO MZISSUEDCERTIFICATES VALUES('VERIFIER','8yewSgDoVRd4Fnup',1796549765,12)
SET SCHEMA SYSTEM_LOBS
DELETE FROM LOB_IDS WHERE LOB_ID=12
INSERT INTO LOB_IDS VALUES(12,165,1,30)
COMMIT
/*C1*/INSERT INTO LOB_IDS VALUES(13,1292,0,30)
ALTER SEQUENCE SYSTEM_LOBS.LOB_ID RESTART WITH 14
COMMIT
DELETE FROM BLOCKS WHERE BLOCK_ADDR=12
INSERT INTO BLOCKS VALUES(12,1,0)
INSERT INTO BLOCKS VALUES(13,2147483634,0)
DELETE FROM BLOCKS WHERE BLOCK_ADDR=12
INSERT INTO LOBS VALUES(12,1,0,13)
COMMIT
/*C2*/SET SCHEMA PUBLIC
INSERT INTO MZENROLLMENTS VALUES('VERIFIER',1793957765,13)
SET SCHEMA SYSTEM_LOBS
DELETE FROM LOB_IDS WHERE LOB_ID=13
INSERT INTO LOB_IDS VALUES(13,1292,1,30)
COMMIT
/*C1*/INSERT INTO LOB_IDS VALUES(14,5504,0,30)
ALTER SEQUENCE SYSTEM_LOBS.LOB_ID RESTART WITH 15
COMMIT
DELETE FROM BLOCKS WHERE BLOCK_ADDR=13
INSERT INTO BLOCKS VALUES(13,1,0)
INSERT INTO BLOCKS VALUES(14,2147483633,0)
DELETE FROM BLOCKS WHERE BLOCK_ADDR=13
INSERT INTO LOBS VALUES(13,1,0,14)
COMMIT
/*C2*/SET SCHEMA PUBLIC
DELETE FROM MZCREDENTIALVERIFIERSESSIONS WHERE ID='aAnUWxMO2Ex0XOmo'
INSERT INTO MZCREDENTIALVERIFIERSESSIONS VALUES('aAnUWxMO2Ex0XOmo',1781001365,14)
SET SCHEMA SYSTEM_LOBS
DELETE FROM LOB_IDS WHERE LOB_ID=5
INSERT INTO LOB_IDS VALUES(5,1,0,30)
DELETE FROM LOB_IDS WHERE LOB_ID=14
INSERT INTO LOB_IDS VALUES(14,5504,1,30)
COMMIT
/*C1*/INSERT INTO LOB_IDS VALUES(15,1,0,30)
ALTER SEQUENCE SYSTEM_LOBS.LOB_ID RESTART WITH 16
COMMIT
DELETE FROM BLOCKS WHERE BLOCK_ADDR=14
INSERT INTO BLOCKS VALUES(14,1,0)
INSERT INTO BLOCKS VALUES(15,2147483632,0)
DELETE FROM BLOCKS WHERE BLOCK_ADDR=14
INSERT INTO LOBS VALUES(14,1,0,15)
COMMIT
/*C3*/SET SCHEMA PUBLIC
INSERT INTO MZCREDENTIALVERIFIERSESSIONS VALUES('H7f9zJpYlCgoseHj',1781001589,15)
SET SCHEMA SYSTEM_LOBS
DELETE FROM LOB_IDS WHERE LOB_ID=15
INSERT INTO LOB_IDS VALUES(15,1,1,30)
COMMIT
/*C2*/SET SCHEMA PUBLIC
DISCONNECT
/*C1*/INSERT INTO LOB_IDS VALUES(16,5504,0,30)
ALTER SEQUENCE SYSTEM_LOBS.LOB_ID RESTART WITH 17
COMMIT
DELETE FROM BLOCKS WHERE BLOCK_ADDR=15
INSERT INTO BLOCKS VALUES(15,1,0)
INSERT INTO BLOCKS VALUES(16,2147483631,0)
DELETE FROM BLOCKS WHERE BLOCK_ADDR=15
INSERT INTO LOBS VALUES(15,1,0,16)
COMMIT
/*C3*/SET SCHEMA PUBLIC
DELETE FROM MZCREDENTIALVERIFIERSESSIONS WHERE ID='H7f9zJpYlCgoseHj'
INSERT INTO MZCREDENTIALVERIFIERSESSIONS VALUES('H7f9zJpYlCgoseHj',1781001589,16)
SET SCHEMA SYSTEM_LOBS
DELETE FROM LOB_IDS WHERE LOB_ID=15
INSERT INTO LOB_IDS VALUES(15,1,0,30)
DELETE FROM LOB_IDS WHERE LOB_ID=16
INSERT INTO LOB_IDS VALUES(16,5504,1,30)
COMMIT
